<?xml version="1.0" encoding="UTF-8" ?>
<testsuites>
  <testsuite aborted="0" failures="0" id="0" name="PartieTest" package="othello" skipped="0" tests="8" time="0.095" timestamp="2025-01-13T11:19:49">
    <properties>
[...]
</properties>
    <testcase classname="othello.PartieTest" name="testSetTour()" time="0.0" />
    <testcase classname="othello.PartieTest" name="testAppliquer()" time="0.019" />
    <testcase classname="othello.PartieTest" name="testGetTour()" time="0.001" />
    <testcase classname="othello.PartieTest" name="testSetTaillePlateau()" time="0.0" />
    <testcase classname="othello.PartieTest" name="testSetPartieFinie()" time="0.0" />
    <testcase classname="othello.PartieTest" name="testGetTaillePlateau()" time="0.001" />
    <testcase classname="othello.PartieTest" name="testPartie()" time="0.001" />
    <testcase classname="othello.PartieTest" name="testGetPartieFinie()" time="0.002" />
  </testsuite>
  <testsuite aborted="0" failures="0" id="1" name="PionTest" package="othello" skipped="0" tests="6" time="0.006" timestamp="2025-01-13T11:19:49">
    <properties>
[...]
</properties>
    <testcase classname="othello.PionTest" name="testRetourner()" time="0.0" />
    <testcase classname="othello.PionTest" name="testPion()" time="0.001" />
    <testcase classname="othello.PionTest" name="testSetCouleur()" time="0.0" />
    <testcase classname="othello.PionTest" name="testEstPose()" time="0.0" />
    <testcase classname="othello.PionTest" name="testAffichage()" time="0.0" />
    <testcase classname="othello.PionTest" name="testGetCouleur()" time="0.001" />
  </testsuite>
  <testsuite aborted="0" failures="0" id="2" name="TupleTest" package="utils" skipped="0" tests="5" time="0.006" timestamp="2025-01-13T11:19:49">
    <properties>
[...]
</properties>
    <testcase classname="utils.TupleTest" name="testGetX()" time="0.001" />
    <testcase classname="utils.TupleTest" name="testSetY()" time="0.0" />
    <testcase classname="utils.TupleTest" name="testConstructor()" time="0.0" />
    <testcase classname="utils.TupleTest" name="testGetY()" time="0.001" />
    <testcase classname="utils.TupleTest" name="testSetX()" time="0.0" />
  </testsuite>
</testsuites>
